<?xml version="1.0" encoding="UTF-8"?>
<testsuite xmlns:xsi="http://www.w3.org/2001/XMLSchema-instance" xsi:noNamespaceSchemaLocation="https://maven.apache.org/surefire/maven-surefire-plugin/xsd/surefire-test-report.xsd" name="ru.arman.testalpha.repository.UserJdbcRepositoryTest" time="19.307" tests="4" errors="1" skipped="0" failures="1">
  <properties>
[...]
</properties>
  <testcase name="saveUser_success" classname="ru.arman.testalpha.repository.UserJdbcRepositoryTest" time="0.031">
    <error message="class org.hamcrest.core.IsInstanceOf cannot be cast to class org.springframework.jdbc.core.PreparedStatementCreator (org.hamcrest.core.IsInstanceOf and org.springframework.jdbc.core.PreparedStatementCreator are in unnamed module of loader &apos;app&apos;)" type="java.lang.ClassCastException">java.lang.ClassCastException: class org.hamcrest.core.IsInstanceOf cannot be cast to class org.springframework.jdbc.core.PreparedStatementCreator (org.hamcrest.core.IsInstanceOf and org.springframework.jdbc.core.PreparedStatementCreator are in unnamed module of loader 'app')
	at ru.arman.testalpha.repository.UserJdbcRepositoryTest.saveUser_success(UserJdbcRepositoryTest.java:119)
</error>
    <system-out><![CDATA[2022-09-26 17:52:07.198  INFO 4944 --- [           main] .b.t.c.SpringBootTestContextBootstrapper : Neither @ContextConfiguration nor @ContextHierarchy found for test class [ru.arman.testalpha.repository.UserJdbcRepositoryTest], using SpringBootContextLoader
2022-09-26 17:52:07.214  INFO 4944 --- [           main] o.s.t.c.support.AbstractContextLoader    : Could not detect default resource locations for test class [ru.arman.testalpha.repository.UserJdbcRepositoryTest]: no resource found for suffixes {-context.xml, Context.groovy}.
2022-09-26 17:52:07.214  INFO 4944 --- [           main] t.c.s.AnnotationConfigContextLoaderUtils : Could not detect default configuration classes for test class [ru.arman.testalpha.repository.UserJdbcRepositoryTest]: UserJdbcRepositoryTest does not declare any static, non-private, non-final, nested classes annotated with @Configuration.
2022-09-26 17:52:07.229  INFO 4944 --- [           main] .b.t.c.SpringBootTestContextBootstrapper : Found @SpringBootConfiguration ru.arman.testalpha.TestAlphaApplication for test class ru.arman.testalpha.repository.UserJdbcRepositoryTest
2022-09-26 17:52:07.229  INFO 4944 --- [           main] .b.t.c.SpringBootTestContextBootstrapper : Loaded default TestExecutionListener class names from location [META-INF/spring.factories]: [org.springframework.boot.test.mock.mockito.MockitoTestExecutionListener, org.springframework.boot.test.mock.mockito.ResetMocksTestExecutionListener, org.springframework.boot.test.autoconfigure.restdocs.RestDocsTestExecutionListener, org.springframework.boot.test.autoconfigure.web.client.MockRestServiceServerResetTestExecutionListener, org.springframework.boot.test.autoconfigure.web.servlet.MockMvcPrintOnlyOnFailureTestExecutionListener, org.springframework.boot.test.autoconfigure.web.servlet.WebDriverTestExecutionListener, org.springframework.boot.test.autoconfigure.webservices.client.MockWebServiceServerTestExecutionListener, org.springframework.test.context.web.ServletTestExecutionListener, org.springframework.test.context.support.DirtiesContextBeforeModesTestExecutionListener, org.springframework.test.context.event.ApplicationEventsTestExecutionListener, org.springframework.test.context.support.DependencyInjectionTestExecutionListener, org.springframework.test.context.support.DirtiesContextTestExecutionListener, org.springframework.test.context.transaction.TransactionalTestExecutionListener, org.springframework.test.context.jdbc.SqlScriptsTestExecutionListener, org.springframework.test.context.event.EventPublishingTestExecutionListener]
2022-09-26 17:52:07.229  INFO 4944 --- [           main] .b.t.c.SpringBootTestContextBootstrapper : Using TestExecutionListeners: [org.springframework.test.context.web.ServletTestExecutionListener@391dfe7c, org.springframework.test.context.support.DirtiesContextBeforeModesTestExecutionListener@702cfbde, org.springframework.test.context.event.ApplicationEventsTestExecutionListener@7d3bcd3, org.springframework.boot.test.mock.mockito.MockitoTestExecutionListener@5dce5c03, org.springframework.boot.test.autoconfigure.SpringBootDependencyInjectionTestExecutionListener@b76b7d8, org.springframework.test.context.support.DirtiesContextTestExecutionListener@1c135f63, org.springframework.test.context.transaction.TransactionalTestExecutionListener@63c4d16, org.springframework.test.context.jdbc.SqlScriptsTestExecutionListener@29bd2796, org.springframework.test.context.event.EventPublishingTestExecutionListener@174b8d0e, org.springframework.boot.test.mock.mockito.ResetMocksTestExecutionListener@112530c3, org.springframework.boot.test.autoconfigure.restdocs.RestDocsTestExecutionListener@75959b0c, org.springframework.boot.test.autoconfigure.web.client.MockRestServiceServerResetTestExecutionListener@355493bf, org.springframework.boot.test.autoconfigure.web.servlet.MockMvcPrintOnlyOnFailureTestExecutionListener@7ebc5be6, org.springframework.boot.test.autoconfigure.web.servlet.WebDriverTestExecutionListener@4627dfda, org.springframework.boot.test.autoconfigure.webservices.client.MockWebServiceServerTestExecutionListener@1f3361e9]
2022-09-26 17:52:07.728  INFO 4944 --- [           main] o.t.utility.ImageNameSubstitutor         : Image name substitution will be performed by: DefaultImageNameSubstitutor (composite of 'ConfigurationFileImageNameSubstitutor' and 'PrefixingImageNameSubstitutor')
2022-09-26 17:52:07.821  INFO 4944 --- [           main] o.t.d.DockerClientProviderStrategy       : Loaded org.testcontainers.dockerclient.NpipeSocketClientProviderStrategy from ~/.testcontainers.properties, will try it first
2022-09-26 17:52:09.517  INFO 4944 --- [           main] o.t.d.DockerClientProviderStrategy       : Found Docker environment with local Npipe socket (npipe:////./pipe/docker_engine)
2022-09-26 17:52:09.533  INFO 4944 --- [           main] org.testcontainers.DockerClientFactory   : Docker host IP address is localhost
2022-09-26 17:52:09.661  INFO 4944 --- [           main] org.testcontainers.DockerClientFactory   : Connected to docker: 
  Server Version: 20.10.17
  API Version: 1.41
  Operating System: Docker Desktop
  Total Memory: 2708 MB
2022-09-26 17:52:09.793  INFO 4944 --- [           main] 🐳 [testcontainers/ryuk:0.3.3]           : Creating container for image: testcontainers/ryuk:0.3.3
2022-09-26 17:52:10.509  INFO 4944 --- [           main] 🐳 [testcontainers/ryuk:0.3.3]           : Container testcontainers/ryuk:0.3.3 is starting: cfad0b9c4560ef7b368059879cf472f91e2d6d669e24966c479e1ed8a4e0bcc3
2022-09-26 17:52:15.164  INFO 4944 --- [           main] 🐳 [testcontainers/ryuk:0.3.3]           : Container testcontainers/ryuk:0.3.3 started in PT5.4872233S
2022-09-26 17:52:15.308  INFO 4944 --- [           main] o.t.utility.RyukResourceReaper           : Ryuk started - will monitor and terminate Testcontainers containers on JVM exit
2022-09-26 17:52:15.308  INFO 4944 --- [           main] org.testcontainers.DockerClientFactory   : Checking the system...
2022-09-26 17:52:15.309  INFO 4944 --- [           main] org.testcontainers.DockerClientFactory   : ✔︎ Docker server version should be at least 1.6.0
2022-09-26 17:52:15.310  INFO 4944 --- [           main] 🐳 [postgres:11]                         : Creating container for image: postgres:11
2022-09-26 17:52:15.596  INFO 4944 --- [           main] 🐳 [postgres:11]                         : Container postgres:11 is starting: e8d969be063593d9bf131b8b9938cf6ff07914206fee416535fe651eff37c17d
2022-09-26 17:52:19.752  INFO 4944 --- [           main] 🐳 [postgres:11]                         : Container postgres:11 started in PT4.4424054S

  .   ____          _            __ _ _
 /\\ / ___'_ __ _ _(_)_ __  __ _ \ \ \ \
( ( )\___ | '_ | '_| | '_ \/ _` | \ \ \ \
 \\/  ___)| |_)| | | | | || (_| |  ) ) ) )
  '  |____| .__|_| |_|_| |_\__, | / / / /
 =========|_|==============|___/=/_/_/_/
 :: Spring Boot ::                (v2.7.3)

2022-09-26 17:52:19.843  INFO 4944 --- [           main] r.a.t.repository.UserJdbcRepositoryTest  : Starting UserJdbcRepositoryTest using Java 18.0.1.1 on LAPTOP-NUE197U3 with PID 4944 (started by Арман in C:\Users\Arman\IdeaProjects\test-alpha)
2022-09-26 17:52:19.843  INFO 4944 --- [           main] r.a.t.repository.UserJdbcRepositoryTest  : No active profile set, falling back to 1 default profile: "default"
2022-09-26 17:52:21.105  INFO 4944 --- [           main] .s.d.r.c.RepositoryConfigurationDelegate : Bootstrapping Spring Data JPA repositories in DEFAULT mode.
2022-09-26 17:52:21.303  INFO 4944 --- [           main] .s.d.r.c.RepositoryConfigurationDelegate : Finished Spring Data repository scanning in 176 ms. Found 1 JPA repository interfaces.
2022-09-26 17:52:22.251  INFO 4944 --- [           main] o.f.c.internal.license.VersionPrinter    : Flyway Community Edition 9.3.1 by Redgate
2022-09-26 17:52:22.251  INFO 4944 --- [           main] o.f.c.internal.license.VersionPrinter    : See what's new here: https://flywaydb.org/documentation/learnmore/releaseNotes#9.3.1
2022-09-26 17:52:22.251  INFO 4944 --- [           main] o.f.c.internal.license.VersionPrinter    : 
2022-09-26 17:52:22.275  INFO 4944 --- [           main] com.zaxxer.hikari.HikariDataSource       : HikariPool-1 - Starting...
2022-09-26 17:52:22.670  INFO 4944 --- [           main] com.zaxxer.hikari.HikariDataSource       : HikariPool-1 - Start completed.
2022-09-26 17:52:22.686  INFO 4944 --- [           main] o.f.c.i.database.base.BaseDatabaseType   : Database: jdbc:h2:mem:test_alpha (H2 2.1)
2022-09-26 17:52:22.780  INFO 4944 --- [           main] o.f.core.internal.command.DbValidate     : Successfully validated 1 migration (execution time 00:00.022s)
2022-09-26 17:52:22.780  INFO 4944 --- [           main] o.f.c.i.s.JdbcTableSchemaHistory         : Creating Schema History table "PUBLIC"."flyway_schema_history" ...
2022-09-26 17:52:22.811  INFO 4944 --- [           main] o.f.core.internal.command.DbMigrate      : Current version of schema "PUBLIC": << Empty Schema >>
2022-09-26 17:52:22.827  INFO 4944 --- [           main] o.f.core.internal.command.DbMigrate      : Migrating schema "PUBLIC" to version "1 - Init DB"
2022-09-26 17:52:22.842  INFO 4944 --- [           main] o.f.core.internal.command.DbMigrate      : Successfully applied 1 migration to schema "PUBLIC", now at version v1 (execution time 00:00.024s)
2022-09-26 17:52:23.014  INFO 4944 --- [           main] o.hibernate.jpa.internal.util.LogHelper  : HHH000204: Processing PersistenceUnitInfo [name: default]
2022-09-26 17:52:23.208  INFO 4944 --- [           main] org.hibernate.Version                    : HHH000412: Hibernate ORM core version 5.6.10.Final
2022-09-26 17:52:23.324  INFO 4944 --- [           main] o.hibernate.annotations.common.Version   : HCANN000001: Hibernate Commons Annotations {5.1.2.Final}
2022-09-26 17:52:23.552  INFO 4944 --- [           main] org.hibernate.dialect.Dialect            : HHH000400: Using dialect: org.hibernate.dialect.H2Dialect
2022-09-26 17:52:24.330  INFO 4944 --- [           main] o.h.e.t.j.p.i.JtaPlatformInitiator       : HHH000490: Using JtaPlatform implementation: [org.hibernate.engine.transaction.jta.platform.internal.NoJtaPlatform]
2022-09-26 17:52:24.346  INFO 4944 --- [           main] j.LocalContainerEntityManagerFactoryBean : Initialized JPA EntityManagerFactory for persistence unit 'default'
2022-09-26 17:52:24.846  WARN 4944 --- [           main] JpaBaseConfiguration$JpaWebConfiguration : spring.jpa.open-in-view is enabled by default. Therefore, database queries may be performed during view rendering. Explicitly configure spring.jpa.open-in-view to disable this warning
2022-09-26 17:52:25.318  INFO 4944 --- [           main] o.s.b.a.h2.H2ConsoleAutoConfiguration    : H2 console available at '/h2-console'. Database available at 'jdbc:h2:mem:test_alpha'
2022-09-26 17:52:26.572  INFO 4944 --- [           main] r.a.t.repository.UserJdbcRepositoryTest  : Started UserJdbcRepositoryTest in 6.794 seconds (JVM running for 33.524)
]]></system-out>
  </testcase>
  <testcase name="findAllUsers_EmptyList_success" classname="ru.arman.testalpha.repository.UserJdbcRepositoryTest" time="0.032"/>
  <testcase name="testPostgresSqlModule" classname="ru.arman.testalpha.repository.UserJdbcRepositoryTest" time="0"/>
  <testcase name="findAllUsers_success" classname="ru.arman.testalpha.repository.UserJdbcRepositoryTest" time="0.016">
    <failure message="expected: &lt;3&gt; but was: &lt;0&gt;" type="org.opentest4j.AssertionFailedError"><![CDATA[org.opentest4j.AssertionFailedError: expected: <3> but was: <0>
	at ru.arman.testalpha.repository.UserJdbcRepositoryTest.findAllUsers_success(UserJdbcRepositoryTest.java:114)
]]></failure>
    <system-out><![CDATA[[]
]]></system-out>
  </testcase>
</testsuite>